2024-05-15 20:08:48.226788728 Info Starting Plugin Engine
2024-05-15 20:08:48.507897813 Error Panic occurred: interface conversion: interface {} is nil, not map[string]interface {}
goroutine 20 [running]:
runtime/debug.Stack()
	/home/vaibhav/sdk/go1.21.9/src/runtime/debug/stack.go:24 +0x5e
main.main.func1.1(0xc0000bf928?, {0xc0000bf920?, 0x54b945?, 0x55ea60?})
	/home/vaibhav/GolandProjects/NMS-Lite/main/bootstrap.go:60 +0x45
panic({0x567c80?, 0xc0001b0f30?})
	/home/vaibhav/sdk/go1.21.9/src/runtime/panic.go:914 +0x21f
NMS-Lite/snmpclient.(*SNMPClient).Walk(0xc0000a00e0, 0xc?)
	/home/vaibhav/GolandProjects/NMS-Lite/snmpclient/snmpclient.go:137 +0x316
NMS-Lite/snmp.Collect(0x565360?, 0xc0000a6348)
	/home/vaibhav/GolandProjects/NMS-Lite/snmp/collect.go:35 +0x365
main.main.func1(0xc000098450)
	/home/vaibhav/GolandProjects/NMS-Lite/main/bootstrap.go:78 +0x1d7
created by main.main in goroutine 1
	/home/vaibhav/GolandProjects/NMS-Lite/main/bootstrap.go:50 +0x2e5

2024-05-15 20:09:40.681858687 Info Starting Plugin Engine
2024-05-15 20:09:40.967146073 Error Panic occurred: interface conversion: interface {} is nil, not map[string]interface {}
goroutine 20 [running]:
runtime/debug.Stack()
	/home/vaibhav/sdk/go1.21.9/src/runtime/debug/stack.go:24 +0x5e
main.main.func1.1(0xc0000bf918?, {0xc0000bf910?, 0x54b9a5?, 0x55ea60?})
	/home/vaibhav/GolandProjects/NMS-Lite/main/bootstrap.go:60 +0x45
panic({0x567c80?, 0xc0001b0f30?})
	/home/vaibhav/sdk/go1.21.9/src/runtime/panic.go:914 +0x21f
NMS-Lite/snmpclient.(*SNMPClient).Walk(0xc0000a00e0, 0xc?)
	/home/vaibhav/GolandProjects/NMS-Lite/snmpclient/snmpclient.go:137 +0x365
NMS-Lite/snmp.Collect(0x565360?, 0xc0000a6348)
	/home/vaibhav/GolandProjects/NMS-Lite/snmp/collect.go:35 +0x365
main.main.func1(0xc000098450)
	/home/vaibhav/GolandProjects/NMS-Lite/main/bootstrap.go:78 +0x1d7
created by main.main in goroutine 1
	/home/vaibhav/GolandProjects/NMS-Lite/main/bootstrap.go:50 +0x2e5

