2024-05-14 12:13:21.160416471 Info Starting Plugin Engine
2024-05-14 12:13:21.16467762 Error Panic occurred!
2024-05-14 12:14:57.790853486 Info Starting Plugin Engine
2024-05-14 12:14:57.795882241 Error Panic occurred: interface conversion: interface {} is []uint8, not string
goroutine 6 [running]:
runtime/debug.Stack()
	/home/vaibhav/sdk/go1.21.9/src/runtime/debug/stack.go:24 +0x5e
NMS-Lite.Bootstrap.func1.1(0xc000050058?, {0xc000121cc0?, 0x547ec5?, 0x0?})
	/home/vaibhav/GolandProjects/NMS-Lite/bootstrap.go:67 +0x45
panic({0x562880?, 0xc00010a720?})
	/home/vaibhav/sdk/go1.21.9/src/runtime/panic.go:914 +0x21f
NMS-Lite/snmp.Discover(0x55fe60?, 0xc00010a3c0?)
	/home/vaibhav/GolandProjects/NMS-Lite/snmp/discover.go:90 +0x7d1
NMS-Lite.Bootstrap.func1(0xc00010a3c0)
	/home/vaibhav/GolandProjects/NMS-Lite/bootstrap.go:77 +0x1ae
created by NMS-Lite.Bootstrap in goroutine 1
	/home/vaibhav/GolandProjects/NMS-Lite/bootstrap.go:57 +0x2e5

2024-05-14 12:18:42.466945194 Info Starting Plugin Engine
2024-05-14 12:20:26.890432682 Info Starting Plugin Engine
2024-05-14 12:23:49.511809091 Info Starting Plugin Engine
2024-05-14 12:36:21.471897091 Info Starting Plugin Engine
2024-05-14 12:36:21.472154094 Error Panic occurred: interface conversion: interface {} is string, not gosnmp.SnmpVersion
goroutine 6 [running]:
runtime/debug.Stack()
	/home/vaibhav/sdk/go1.21.9/src/runtime/debug/stack.go:24 +0x5e
NMS-Lite.Bootstrap.func1.1(0xc0001105b0?, {0x55ab00?, 0xc000028420?, 0x73?})
	/home/vaibhav/GolandProjects/NMS-Lite/bootstrap.go:67 +0x45
panic({0x565880?, 0xc00010a510?})
	/home/vaibhav/sdk/go1.21.9/src/runtime/panic.go:914 +0x21f
NMS-Lite/snmp.Discover(0x562e60?, 0xc00010a3f0?)
	/home/vaibhav/GolandProjects/NMS-Lite/snmp/discover.go:81 +0x986
NMS-Lite.Bootstrap.func1(0xc00010a3f0)
	/home/vaibhav/GolandProjects/NMS-Lite/bootstrap.go:77 +0x1a5
created by NMS-Lite.Bootstrap in goroutine 1
	/home/vaibhav/GolandProjects/NMS-Lite/bootstrap.go:57 +0x2e5

2024-05-14 12:39:00.622481253 Info Starting Plugin Engine
2024-05-14 12:39:00.622747302 Error Panic occurred: interface conversion: interface {} is string, not gosnmp.SnmpVersion
goroutine 19 [running]:
runtime/debug.Stack()
	/home/vaibhav/sdk/go1.21.9/src/runtime/debug/stack.go:24 +0x5e
NMS-Lite.Bootstrap.func1.1(0xc0000a25b0?, {0x55ab00?, 0xc00009e3e0?, 0x73?})
	/home/vaibhav/GolandProjects/NMS-Lite/bootstrap.go:67 +0x45
panic({0x565880?, 0xc000098510?})
	/home/vaibhav/sdk/go1.21.9/src/runtime/panic.go:914 +0x21f
NMS-Lite/snmp.Discover(0x562e60?, 0xc0000983f0?)
	/home/vaibhav/GolandProjects/NMS-Lite/snmp/discover.go:81 +0x986
NMS-Lite.Bootstrap.func1(0xc0000983f0)
	/home/vaibhav/GolandProjects/NMS-Lite/bootstrap.go:77 +0x1a5
created by NMS-Lite.Bootstrap in goroutine 1
	/home/vaibhav/GolandProjects/NMS-Lite/bootstrap.go:57 +0x2e5

2024-05-14 12:42:20.873961662 Info Starting Plugin Engine
2024-05-14 12:42:20.874232598 Error Panic occurred: interface conversion: interface {} is string, not gosnmp.SnmpVersion
goroutine 19 [running]:
runtime/debug.Stack()
	/home/vaibhav/sdk/go1.21.9/src/runtime/debug/stack.go:24 +0x5e
NMS-Lite.Bootstrap.func1.1(0xc0000a25b0?, {0x55ab00?, 0xc00009e3e0?, 0x73?})
	/home/vaibhav/GolandProjects/NMS-Lite/bootstrap.go:67 +0x45
panic({0x565880?, 0xc000098510?})
	/home/vaibhav/sdk/go1.21.9/src/runtime/panic.go:914 +0x21f
NMS-Lite/snmp.Discover(0x562e60?, 0xc0000983f0?)
	/home/vaibhav/GolandProjects/NMS-Lite/snmp/discover.go:88 +0xa38
NMS-Lite.Bootstrap.func1(0xc0000983f0)
	/home/vaibhav/GolandProjects/NMS-Lite/bootstrap.go:77 +0x1a5
created by NMS-Lite.Bootstrap in goroutine 1
	/home/vaibhav/GolandProjects/NMS-Lite/bootstrap.go:57 +0x2e5

2024-05-14 12:42:20.874306925 Error Panic occurred: interface conversion: interface {} is string, not gosnmp.SnmpVersion
goroutine 20 [running]:
runtime/debug.Stack()
	/home/vaibhav/sdk/go1.21.9/src/runtime/debug/stack.go:24 +0x5e
NMS-Lite.Bootstrap.func1.1(0xc0000a25b0?, {0x55ab00?, 0xc00009e590?, 0x3?})
	/home/vaibhav/GolandProjects/NMS-Lite/bootstrap.go:67 +0x45
panic({0x565880?, 0xc0000985a0?})
	/home/vaibhav/sdk/go1.21.9/src/runtime/panic.go:914 +0x21f
NMS-Lite/snmp.Collect(0x562e60?, 0xc000098450?)
	/home/vaibhav/GolandProjects/NMS-Lite/snmp/collect.go:56 +0xdd1
NMS-Lite.Bootstrap.func1(0xc000098450)
	/home/vaibhav/GolandProjects/NMS-Lite/bootstrap.go:80 +0x177
created by NMS-Lite.Bootstrap in goroutine 1
	/home/vaibhav/GolandProjects/NMS-Lite/bootstrap.go:57 +0x2e5

2024-05-14 12:42:32.862612014 Info Starting Plugin Engine
2024-05-14 12:42:32.862907845 Error Panic occurred: interface conversion: interface {} is string, not gosnmp.SnmpVersion
goroutine 19 [running]:
runtime/debug.Stack()
	/home/vaibhav/sdk/go1.21.9/src/runtime/debug/stack.go:24 +0x5e
NMS-Lite.Bootstrap.func1.1(0xc0000a25b0?, {0x55ab00?, 0xc00009e3e0?, 0x73?})
	/home/vaibhav/GolandProjects/NMS-Lite/bootstrap.go:67 +0x45
panic({0x565880?, 0xc000098510?})
	/home/vaibhav/sdk/go1.21.9/src/runtime/panic.go:914 +0x21f
NMS-Lite/snmp.Discover(0x562e60?, 0xc0000983f0?)
	/home/vaibhav/GolandProjects/NMS-Lite/snmp/discover.go:88 +0xa38
NMS-Lite.Bootstrap.func1(0xc0000983f0)
	/home/vaibhav/GolandProjects/NMS-Lite/bootstrap.go:77 +0x1a5
created by NMS-Lite.Bootstrap in goroutine 1
	/home/vaibhav/GolandProjects/NMS-Lite/bootstrap.go:57 +0x2e5

2024-05-14 12:42:32.863020666 Error Panic occurred: interface conversion: interface {} is string, not gosnmp.SnmpVersion
goroutine 20 [running]:
runtime/debug.Stack()
	/home/vaibhav/sdk/go1.21.9/src/runtime/debug/stack.go:24 +0x5e
NMS-Lite.Bootstrap.func1.1(0xc0000a25b0?, {0x55ab00?, 0xc00009e590?, 0x3?})
	/home/vaibhav/GolandProjects/NMS-Lite/bootstrap.go:67 +0x45
panic({0x565880?, 0xc0000985a0?})
	/home/vaibhav/sdk/go1.21.9/src/runtime/panic.go:914 +0x21f
NMS-Lite/snmp.Collect(0x562e60?, 0xc000098450?)
	/home/vaibhav/GolandProjects/NMS-Lite/snmp/collect.go:56 +0xe31
NMS-Lite.Bootstrap.func1(0xc000098450)
	/home/vaibhav/GolandProjects/NMS-Lite/bootstrap.go:80 +0x177
created by NMS-Lite.Bootstrap in goroutine 1
	/home/vaibhav/GolandProjects/NMS-Lite/bootstrap.go:57 +0x2e5

2024-05-14 12:43:57.61977532 Info Starting Plugin Engine
2024-05-14 12:43:57.620110679 Error Panic occurred: interface conversion: interface {} is string, not gosnmp.SnmpVersion
goroutine 19 [running]:
runtime/debug.Stack()
	/home/vaibhav/sdk/go1.21.9/src/runtime/debug/stack.go:24 +0x5e
NMS-Lite.Bootstrap.func1.1(0xc0000a25b0?, {0x55ab00?, 0xc00009e3e0?, 0x73?})
	/home/vaibhav/GolandProjects/NMS-Lite/bootstrap.go:67 +0x45
panic({0x565880?, 0xc000098510?})
	/home/vaibhav/sdk/go1.21.9/src/runtime/panic.go:914 +0x21f
NMS-Lite/snmp.Discover(0x562e60?, 0xc0000983f0?)
	/home/vaibhav/GolandProjects/NMS-Lite/snmp/discover.go:88 +0xa38
NMS-Lite.Bootstrap.func1(0xc0000983f0)
	/home/vaibhav/GolandProjects/NMS-Lite/bootstrap.go:77 +0x1a5
created by NMS-Lite.Bootstrap in goroutine 1
	/home/vaibhav/GolandProjects/NMS-Lite/bootstrap.go:57 +0x2e5

2024-05-14 12:45:18.017745251 Info Starting Plugin Engine
2024-05-14 12:45:18.018010356 Error Panic occurred: interface conversion: interface {} is string, not gosnmp.SnmpVersion
goroutine 19 [running]:
runtime/debug.Stack()
	/home/vaibhav/sdk/go1.21.9/src/runtime/debug/stack.go:24 +0x5e
NMS-Lite.Bootstrap.func1.1(0xc0000a25b0?, {0x55ab00?, 0xc00009e3e0?, 0x73?})
	/home/vaibhav/GolandProjects/NMS-Lite/bootstrap.go:67 +0x45
panic({0x565880?, 0xc000098510?})
	/home/vaibhav/sdk/go1.21.9/src/runtime/panic.go:914 +0x21f
NMS-Lite/snmp.Discover(0x562e60?, 0xc0000983f0?)
	/home/vaibhav/GolandProjects/NMS-Lite/snmp/discover.go:88 +0xa38
NMS-Lite.Bootstrap.func1(0xc0000983f0)
	/home/vaibhav/GolandProjects/NMS-Lite/bootstrap.go:77 +0x1a5
created by NMS-Lite.Bootstrap in goroutine 1
	/home/vaibhav/GolandProjects/NMS-Lite/bootstrap.go:57 +0x2e5

2024-05-14 12:45:37.351167686 Info Starting Plugin Engine
2024-05-14 12:45:37.351480686 Error Panic occurred: interface conversion: interface {} is string, not gosnmp.SnmpVersion
goroutine 19 [running]:
runtime/debug.Stack()
	/home/vaibhav/sdk/go1.21.9/src/runtime/debug/stack.go:24 +0x5e
NMS-Lite.Bootstrap.func1.1(0xc0000a25b0?, {0x55ab00?, 0xc00009e3e0?, 0x73?})
	/home/vaibhav/GolandProjects/NMS-Lite/bootstrap.go:67 +0x45
panic({0x565880?, 0xc000098510?})
	/home/vaibhav/sdk/go1.21.9/src/runtime/panic.go:914 +0x21f
NMS-Lite/snmp.Discover(0x562e60?, 0xc0000983f0?)
	/home/vaibhav/GolandProjects/NMS-Lite/snmp/discover.go:88 +0xa38
NMS-Lite.Bootstrap.func1(0xc0000983f0)
	/home/vaibhav/GolandProjects/NMS-Lite/bootstrap.go:77 +0x1a5
created by NMS-Lite.Bootstrap in goroutine 1
	/home/vaibhav/GolandProjects/NMS-Lite/bootstrap.go:57 +0x2e5

2024-05-14 12:48:55.706077302 Info Starting Plugin Engine
2024-05-14 12:48:55.706357152 Error Panic occurred: interface conversion: interface {} is string, not gosnmp.SnmpVersion
goroutine 6 [running]:
runtime/debug.Stack()
	/home/vaibhav/sdk/go1.21.9/src/runtime/debug/stack.go:24 +0x5e
NMS-Lite.Bootstrap.func1.1(0xc0001105b0?, {0x55ab00?, 0xc000028420?, 0x73?})
	/home/vaibhav/GolandProjects/NMS-Lite/bootstrap.go:67 +0x45
panic({0x565880?, 0xc00010a510?})
	/home/vaibhav/sdk/go1.21.9/src/runtime/panic.go:914 +0x21f
NMS-Lite/snmp.Discover(0x562e60?, 0xc00010a3f0?)
	/home/vaibhav/GolandProjects/NMS-Lite/snmp/discover.go:88 +0xa38
NMS-Lite.Bootstrap.func1(0xc00010a3f0)
	/home/vaibhav/GolandProjects/NMS-Lite/bootstrap.go:77 +0x1a5
created by NMS-Lite.Bootstrap in goroutine 1
	/home/vaibhav/GolandProjects/NMS-Lite/bootstrap.go:57 +0x2e5

2024-05-14 12:49:41.886860911 Info Starting Plugin Engine
2024-05-14 12:49:41.887124827 Error Panic occurred: interface conversion: interface {} is string, not gosnmp.SnmpVersion
goroutine 19 [running]:
runtime/debug.Stack()
	/home/vaibhav/sdk/go1.21.9/src/runtime/debug/stack.go:24 +0x5e
NMS-Lite.Bootstrap.func1.1(0xc0000a25b0?, {0x55ab00?, 0xc00009e3e0?, 0x73?})
	/home/vaibhav/GolandProjects/NMS-Lite/bootstrap.go:67 +0x45
panic({0x565880?, 0xc000098510?})
	/home/vaibhav/sdk/go1.21.9/src/runtime/panic.go:914 +0x21f
NMS-Lite/snmp.Discover(0x562e60?, 0xc0000983f0?)
	/home/vaibhav/GolandProjects/NMS-Lite/snmp/discover.go:88 +0xa38
NMS-Lite.Bootstrap.func1(0xc0000983f0)
	/home/vaibhav/GolandProjects/NMS-Lite/bootstrap.go:77 +0x1a5
created by NMS-Lite.Bootstrap in goroutine 1
	/home/vaibhav/GolandProjects/NMS-Lite/bootstrap.go:57 +0x2e5

2024-05-14 12:52:15.562681432 Info Starting Plugin Engine
2024-05-14 12:52:15.563026546 Error Panic occurred: interface conversion: interface {} is string, not gosnmp.SnmpVersion
goroutine 19 [running]:
runtime/debug.Stack()
	/home/vaibhav/sdk/go1.21.9/src/runtime/debug/stack.go:24 +0x5e
NMS-Lite.Bootstrap.func1.1(0xc0000a25b0?, {0x55ab00?, 0xc00009e3e0?, 0x73?})
	/home/vaibhav/GolandProjects/NMS-Lite/bootstrap.go:67 +0x45
panic({0x565880?, 0xc000098510?})
	/home/vaibhav/sdk/go1.21.9/src/runtime/panic.go:914 +0x21f
NMS-Lite/snmp.Discover(0x562e60?, 0xc0000983f0?)
	/home/vaibhav/GolandProjects/NMS-Lite/snmp/discover.go:88 +0xa38
NMS-Lite.Bootstrap.func1(0xc0000983f0)
	/home/vaibhav/GolandProjects/NMS-Lite/bootstrap.go:77 +0x1a5
created by NMS-Lite.Bootstrap in goroutine 1
	/home/vaibhav/GolandProjects/NMS-Lite/bootstrap.go:57 +0x2e5

