2024-05-16 11:02:42.350874349 Info Starting Plugin Engine
2024-05-16 11:08:29.729249971 Info Starting Plugin Engine
2024-05-16 11:10:56.016906786 Info Starting Plugin Engine
2024-05-16 11:12:07.914614998 Info Starting Plugin Engine
2024-05-16 11:12:54.786044384 Info Starting Plugin Engine
2024-05-16 11:17:14.175799404 Info Starting Plugin Engine
2024-05-16 11:17:14.49365578 Error Panic occurred: runtime error: index out of range [0] with length 0
goroutine 20 [running]:
runtime/debug.Stack()
	/home/vaibhav/sdk/go1.21.9/src/runtime/debug/stack.go:24 +0x5e
main.main.func1.1(0x416048?, {0xc0000bfbf0?, 0x54b645?, 0x8040104?})
	/home/vaibhav/GolandProjects/NMS-Lite/main/bootstrap.go:60 +0x45
panic({0x57d660?, 0xc0000d31d0?})
	/home/vaibhav/sdk/go1.21.9/src/runtime/panic.go:914 +0x21f
NMS-Lite/snmp.Collect(0x565420?, 0xc0000a6318)
	/home/vaibhav/GolandProjects/NMS-Lite/snmp/collect.go:73 +0xbee
main.main.func1(0xc000098450)
	/home/vaibhav/GolandProjects/NMS-Lite/main/bootstrap.go:79 +0x1db
created by main.main in goroutine 1
	/home/vaibhav/GolandProjects/NMS-Lite/main/bootstrap.go:50 +0x2e5

2024-05-16 11:18:03.416123188 Info Starting Plugin Engine
2024-05-16 11:18:03.717105331 Error Panic occurred: runtime error: index out of range [0] with length 0
goroutine 20 [running]:
runtime/debug.Stack()
	/home/vaibhav/sdk/go1.21.9/src/runtime/debug/stack.go:24 +0x5e
main.main.func1.1(0x416048?, {0xc0000bfbf0?, 0x54b645?, 0x8040101?})
	/home/vaibhav/GolandProjects/NMS-Lite/main/bootstrap.go:60 +0x45
panic({0x57d660?, 0xc0000d31d0?})
	/home/vaibhav/sdk/go1.21.9/src/runtime/panic.go:914 +0x21f
NMS-Lite/snmp.Collect(0x565420?, 0xc0000a6318)
	/home/vaibhav/GolandProjects/NMS-Lite/snmp/collect.go:73 +0xbee
main.main.func1(0xc000098450)
	/home/vaibhav/GolandProjects/NMS-Lite/main/bootstrap.go:79 +0x1db
created by main.main in goroutine 1
	/home/vaibhav/GolandProjects/NMS-Lite/main/bootstrap.go:50 +0x2e5

2024-05-16 11:20:20.502488548 Info Starting Plugin Engine
2024-05-16 11:47:51.91728088 Info Starting Plugin Engine
2024-05-16 11:50:28.271089912 Info Starting Plugin Engine
2024-05-16 11:52:05.541399133 Info Starting Plugin Engine
2024-05-16 11:52:15.498974627 Info Starting Plugin Engine
2024-05-16 11:52:18.140996251 Info Starting Plugin Engine
2024-05-16 11:57:47.075278351 Info Starting Plugin Engine
2024-05-16 11:59:30.513727468 Info Starting Plugin Engine
