2024-05-15 16:24:14.917446329 Info Starting Plugin Engine
2024-05-15 16:24:14.917853954 Error Panic occurred: interface conversion: interface {} is []interface {}, not []map[string]interface {}
goroutine 19 [running]:
runtime/debug.Stack()
	/home/vaibhav/sdk/go1.21.9/src/runtime/debug/stack.go:24 +0x5e
main.main.func1.1(0xc0000a25b0?, {0x55cf40?, 0xc00009e3e0?, 0x73?})
	/home/vaibhav/GolandProjects/NMS-Lite/main/bootstrap.go:60 +0x45
panic({0x567e00?, 0xc000098510?})
	/home/vaibhav/sdk/go1.21.9/src/runtime/panic.go:914 +0x21f
NMS-Lite/snmp.Discover(0x565400?, 0xc0000a61e0)
	/home/vaibhav/GolandProjects/NMS-Lite/snmp/discover.go:80 +0xb8a
main.main.func1(0xc0000983f0)
	/home/vaibhav/GolandProjects/NMS-Lite/main/bootstrap.go:75 +0x205
created by main.main in goroutine 1
	/home/vaibhav/GolandProjects/NMS-Lite/main/bootstrap.go:50 +0x2e5

2024-05-15 16:24:50.524020022 Info Starting Plugin Engine
2024-05-15 16:26:49.790740087 Info Starting Plugin Engine
2024-05-15 16:26:49.791056539 Error Panic occurred: interface conversion: interface {} is map[string]interface {}, not []interface {}
goroutine 19 [running]:
runtime/debug.Stack()
	/home/vaibhav/sdk/go1.21.9/src/runtime/debug/stack.go:24 +0x5e
main.main.func1.1(0xc0000a25b0?, {0x55cf40?, 0xc00009e3c0?, 0x73?})
	/home/vaibhav/GolandProjects/NMS-Lite/main/bootstrap.go:60 +0x45
panic({0x567e00?, 0xc000098510?})
	/home/vaibhav/sdk/go1.21.9/src/runtime/panic.go:914 +0x21f
NMS-Lite/snmp.Discover(0x565400?, 0xc0000a61b0)
	/home/vaibhav/GolandProjects/NMS-Lite/snmp/discover.go:80 +0xb8a
main.main.func1(0xc0000983f0)
	/home/vaibhav/GolandProjects/NMS-Lite/main/bootstrap.go:75 +0x205
created by main.main in goroutine 1
	/home/vaibhav/GolandProjects/NMS-Lite/main/bootstrap.go:50 +0x2e5

2024-05-15 16:28:16.947294614 Info Starting Plugin Engine
2024-05-15 16:29:11.92597892 Info Starting Plugin Engine
2024-05-15 16:30:26.784599898 Info Starting Plugin Engine
2024-05-15 16:31:55.358334557 Info Starting Plugin Engine
2024-05-15 16:55:58.356895544 Info Starting Plugin Engine
